c:\users\pedro\desktop\super sanse bros\tmp\debug\vc142.pdb
c:\users\pedro\desktop\super sanse bros\tmp\debug\vc142.idb
c:\users\pedro\desktop\super sanse bros\tmp\debug\vector2d.obj
c:\users\pedro\desktop\super sanse bros\tmp\debug\pared.obj
c:\users\pedro\desktop\super sanse bros\tmp\debug\tmt_game.obj
c:\users\pedro\desktop\super sanse bros\tmp\debug\mundo.obj
c:\users\pedro\desktop\super sanse bros\tmp\debug\personaje.obj
c:\users\pedro\desktop\super sanse bros\tmp\debug\nivel.obj
c:\users\pedro\desktop\super sanse bros\tmp\debug\interaccion.obj
c:\users\pedro\desktop\super sanse bros\tmp\debug\disparo.obj
c:\users\pedro\desktop\super sanse bros\tmp\debug\colorrgb.obj
c:\users\pedro\desktop\super sanse bros\tmp\debug\listadisparos.obj
c:\users\pedro\desktop\super sanse bross\tmp\debug\vc142.pdb
c:\users\pedro\desktop\super sanse bross\tmp\debug\vc142.idb
c:\users\pedro\desktop\super sanse bross\tmp\debug\vector2d.obj
c:\users\pedro\desktop\super sanse bross\tmp\debug\pared.obj
c:\users\pedro\desktop\super sanse bross\tmp\debug\tmt_game.obj
c:\users\pedro\desktop\super sanse bross\tmp\debug\mundo.obj
c:\users\pedro\desktop\super sanse bross\tmp\debug\personaje.obj
c:\users\pedro\desktop\super sanse bross\tmp\debug\nivel.obj
c:\users\pedro\desktop\super sanse bross\tmp\debug\listadisparos.obj
c:\users\pedro\desktop\super sanse bross\tmp\debug\interaccion.obj
c:\users\pedro\desktop\super sanse bross\tmp\debug\disparo.obj
c:\users\pedro\desktop\super sanse bross\tmp\debug\colorrgb.obj
c:\users\pedro\desktop\super sanse bros\bin\juegotmt.exe
c:\users\pedro\desktop\super sanse bros\bin\juegotmt.ilk
c:\users\pedro\desktop\super sanse bros\bin\juegotmt.pdb
c:\users\pedro\desktop\super sanse bross\bin\juegotmt.exe
c:\users\pedro\desktop\super sanse bross\bin\juegotmt.ilk
c:\users\pedro\desktop\super sanse bross\bin\juegotmt.pdb
c:\users\pedro\desktop\super sanse bross\tmp\debug\juegotmt.tlog\cl.command.1.tlog
c:\users\pedro\desktop\super sanse bross\tmp\debug\juegotmt.tlog\cl.read.1.tlog
c:\users\pedro\desktop\super sanse bross\tmp\debug\juegotmt.tlog\cl.write.1.tlog
c:\users\pedro\desktop\super sanse bross\tmp\debug\juegotmt.tlog\link.command.1.tlog
c:\users\pedro\desktop\super sanse bross\tmp\debug\juegotmt.tlog\link.read.1.tlog
c:\users\pedro\desktop\super sanse bross\tmp\debug\juegotmt.tlog\link.write.1.tlog
