c:\users\pedro\desktop\practica 3 - iic\pang\tmp\debug\vc142.pdb
c:\users\pedro\desktop\practica 3 - iic\pang\tmp\debug\vc142.idb
c:\users\pedro\desktop\practica 3 - iic\pang\tmp\debug\vector2d.obj
c:\users\pedro\desktop\practica 3 - iic\pang\tmp\debug\pared.obj
c:\users\pedro\desktop\practica 3 - iic\pang\tmp\debug\pang.obj
c:\users\pedro\desktop\practica 3 - iic\pang\tmp\debug\mundo.obj
c:\users\pedro\desktop\practica 3 - iic\pang\tmp\debug\hombre.obj
c:\users\pedro\desktop\practica 3 - iic\pang\tmp\debug\esfera.obj
c:\users\pedro\desktop\practica 3 - iic\pang\tmp\debug\caja.obj
c:\users\pedro\desktop\practica 3 - iic\pang\tmp\debug\bonus.obj
c:\users\pedro\desktop\practica 3 - iic\pang\tmp\debug\disparo.obj
c:\users\pedro\desktop\practica 3 - iic\pang\bin\pang.exe
c:\users\pedro\desktop\practica 3 - iic\pang\bin\pang.ilk
c:\users\pedro\desktop\practica 3 - iic\pang\bin\pang.pdb
c:\users\pedro\desktop\practica 3 - iic\pang\tmp\debug\pang.tlog\cl.command.1.tlog
c:\users\pedro\desktop\practica 3 - iic\pang\tmp\debug\pang.tlog\cl.read.1.tlog
c:\users\pedro\desktop\practica 3 - iic\pang\tmp\debug\pang.tlog\cl.write.1.tlog
c:\users\pedro\desktop\practica 3 - iic\pang\tmp\debug\pang.tlog\link.command.1.tlog
c:\users\pedro\desktop\practica 3 - iic\pang\tmp\debug\pang.tlog\link.read.1.tlog
c:\users\pedro\desktop\practica 3 - iic\pang\tmp\debug\pang.tlog\link.write.1.tlog
